<?xml version="1.0" encoding="UTF-8"?>
<testng-results ignored="0" total="2" passed="2" failed="0" skipped="0">
  <reporter-output>
  </reporter-output>
  <suite started-at="2022-07-05T18:58:57 IST" name="Default suite" finished-at="2022-07-05T18:59:02 IST" duration-ms="5144">
    <groups>
    </groups>
    <test started-at="2022-07-05T18:58:57 IST" name="Default test" finished-at="2022-07-05T18:59:02 IST" duration-ms="5144">
      <class name="test_cases.Players">
        <test-method signature="foreignPlayerTest()[pri:0, instance:test_cases.Players@4e7912d8]" started-at="2022-07-05T18:58:57 IST" name="foreignPlayerTest" finished-at="2022-07-05T18:59:01 IST" duration-ms="4076" status="PASS">
          <reporter-output>
          </reporter-output>
        </test-method> <!-- foreignPlayerTest -->
        <test-method signature="wicketKeeperTest()[pri:0, instance:test_cases.Players@4e7912d8]" started-at="2022-07-05T18:59:01 IST" name="wicketKeeperTest" finished-at="2022-07-05T18:59:02 IST" duration-ms="928" status="PASS">
          <reporter-output>
          </reporter-output>
        </test-method> <!-- wicketKeeperTest -->
      </class> <!-- test_cases.Players -->
    </test> <!-- Default test -->
  </suite> <!-- Default suite -->
</testng-results>
